<?xml version="1.0" encoding="UTF-8"?>
<!-- Generated by org.testng.reporters.JUnitXMLReporter -->
<testsuite hostname="LAPTOP-32K94DSV" ignored="0" name="Default test" tests="7" failures="0" timestamp="2021-02-08T06:26:45 IST" time="0.094" errors="0">
  <testcase name="tc7" time="0.011" classname="Demo.testngDemo.qsp.Demo8"/>
  <testcase name="tc1" time="0.003" classname="Demo.testngDemo.qsp.Demo8"/>
  <testcase name="tc3" time="0.004" classname="Demo.testngDemo.qsp.Demo8"/>
  <testcase name="tc6" time="0.001" classname="Demo.testngDemo.qsp.Demo8"/>
  <testcase name="tc2" time="0.001" classname="Demo.testngDemo.qsp.Demo8"/>
  <testcase name="tc4" time="0.001" classname="Demo.testngDemo.qsp.Demo8"/>
  <testcase name="tc5" time="0.007" classname="Demo.testngDemo.qsp.Demo8"/>
</testsuite> <!-- Default test -->
